# JRE version: OpenJDK Runtime Environment (8.0_242-b01) (build 1.8.0_242-release-1644-b01)
# Java VM: OpenJDK 64-Bit Server VM (25.242-b01 mixed mode windows-amd64 compressed oops)
Heap:
 PSYoungGen      total 475136K, used 146872K [0x00000000d5580000, 0x00000000f7980000, 0x0000000100000000)
  eden space 389120K, 33% used [0x00000000d5580000,0x00000000dd3d2a98,0x00000000ed180000)
  from space 86016K, 20% used [0x00000000ed180000,0x00000000ee29b8b0,0x00000000f2580000)
  to   space 78848K, 0% used [0x00000000f2c80000,0x00000000f2c80000,0x00000000f7980000)
 ParOldGen       total 244224K, used 194133K [0x0000000080000000, 0x000000008ee80000, 0x00000000d5580000)
  object space 244224K, 79% used [0x0000000080000000,0x000000008bd95658,0x000000008ee80000)
 Metaspace       used 113535K, capacity 122091K, committed 122536K, reserved 1155072K
  class space    used 14351K, capacity 15861K, committed 16048K, reserved 1048576K
GC Heap History (10 events):
Event: 5188.136 GC heap before
{Heap before GC invocations=62 (full 5):
 PSYoungGen      total 408576K, used 408557K [0x00000000d5580000, 0x00000000f7180000, 0x0000000100000000)
  eden space 328192K, 100% used [0x00000000d5580000,0x00000000e9600000,0x00000000e9600000)
  from space 80384K, 99% used [0x00000000ef880000,0x00000000f46fb588,0x00000000f4700000)
  to   space 100864K, 0% used [0x00000000e9600000,0x00000000e9600000,0x00000000ef880000)
 ParOldGen       total 244224K, used 140867K [0x0000000080000000, 0x000000008ee80000, 0x00000000d5580000)
  object space 244224K, 57% used [0x0000000080000000,0x0000000088990da0,0x000000008ee80000)
 Metaspace       used 113123K, capacity 121627K, committed 122280K, reserved 1155072K
  class space    used 14341K, capacity 15851K, committed 16048K, reserved 1048576K
Event: 5188.406 GC heap after
Heap after GC invocations=62 (full 5):
 PSYoungGen      total 429056K, used 12684K [0x00000000d5580000, 0x00000000f7980000, 0x0000000100000000)
  eden space 328192K, 0% used [0x00000000d5580000,0x00000000d5580000,0x00000000e9600000)
  from space 100864K, 12% used [0x00000000e9600000,0x00000000ea263100,0x00000000ef880000)
  to   space 99328K, 0% used [0x00000000f1880000,0x00000000f1880000,0x00000000f7980000)
 ParOldGen       total 244224K, used 183967K [0x0000000080000000, 0x000000008ee80000, 0x00000000d5580000)
  object space 244224K, 75% used [0x0000000080000000,0x000000008b3a7e10,0x000000008ee80000)
 Metaspace       used 113123K, capacity 121627K, committed 122280K, reserved 1155072K
  class space    used 14341K, capacity 15851K, committed 16048K, reserved 1048576K
}
Event: 5189.516 GC heap before
{Heap before GC invocations=63 (full 5):
 PSYoungGen      total 429056K, used 340876K [0x00000000d5580000, 0x00000000f7980000, 0x0000000100000000)
  eden space 328192K, 100% used [0x00000000d5580000,0x00000000e9600000,0x00000000e9600000)
  from space 100864K, 12% used [0x00000000e9600000,0x00000000ea263100,0x00000000ef880000)
  to   space 99328K, 0% used [0x00000000f1880000,0x00000000f1880000,0x00000000f7980000)
 ParOldGen       total 244224K, used 183967K [0x0000000080000000, 0x000000008ee80000, 0x00000000d5580000)
  object space 244224K, 75% used [0x0000000080000000,0x000000008b3a7e10,0x000000008ee80000)
 Metaspace       used 113221K, capacity 121695K, committed 122280K, reserved 1155072K
  class space    used 14343K, capacity 15851K, committed 16048K, reserved 1048576K
Event: 5189.551 GC heap after
Heap after GC invocations=63 (full 5):
 PSYoungGen      total 449536K, used 32695K [0x00000000d5580000, 0x00000000f6e00000, 0x0000000100000000)
  eden space 361984K, 0% used [0x00000000d5580000,0x00000000d5580000,0x00000000eb700000)
  from space 87552K, 37% used [0x00000000f1880000,0x00000000f386dc50,0x00000000f6e00000)
  to   space 93696K, 0% used [0x00000000eb700000,0x00000000eb700000,0x00000000f1280000)
 ParOldGen       total 244224K, used 186190K [0x0000000080000000, 0x000000008ee80000, 0x00000000d5580000)
  object space 244224K, 76% used [0x0000000080000000,0x000000008b5d39c0,0x000000008ee80000)
 Metaspace       used 113221K, capacity 121695K, committed 122280K, reserved 1155072K
  class space    used 14343K, capacity 15851K, committed 16048K, reserved 1048576K
}
Event: 5664.715 GC heap before
{Heap before GC invocations=64 (full 5):
 PSYoungGen      total 449536K, used 394447K [0x00000000d5580000, 0x00000000f6e00000, 0x0000000100000000)
  eden space 361984K, 99% used [0x00000000d5580000,0x00000000eb6c60c8,0x00000000eb700000)
  from space 87552K, 37% used [0x00000000f1880000,0x00000000f386dc50,0x00000000f6e00000)
  to   space 93696K, 0% used [0x00000000eb700000,0x00000000eb700000,0x00000000f1280000)
 ParOldGen       total 244224K, used 186190K [0x0000000080000000, 0x000000008ee80000, 0x00000000d5580000)
  object space 244224K, 76% used [0x0000000080000000,0x000000008b5d39c0,0x000000008ee80000)
 Metaspace       used 113313K, capacity 121839K, committed 122280K, reserved 1155072K
  class space    used 14346K, capacity 15853K, committed 16048K, reserved 1048576K
Event: 5664.762 GC heap after
Heap after GC invocations=64 (full 5):
 PSYoungGen      total 455680K, used 30650K [0x00000000d5580000, 0x00000000f8300000, 0x0000000100000000)
  eden space 361984K, 0% used [0x00000000d5580000,0x00000000d5580000,0x00000000eb700000)
  from space 93696K, 32% used [0x00000000eb700000,0x00000000ed4eeb00,0x00000000f1280000)
  to   space 88576K, 0% used [0x00000000f2c80000,0x00000000f2c80000,0x00000000f8300000)
 ParOldGen       total 244224K, used 194117K [0x0000000080000000, 0x000000008ee80000, 0x00000000d5580000)
  object space 244224K, 79% used [0x0000000080000000,0x000000008bd91658,0x000000008ee80000)
 Metaspace       used 113313K, capacity 121839K, committed 122280K, reserved 1155072K
  class space    used 14346K, capacity 15853K, committed 16048K, reserved 1048576K
}
Event: 5793.215 GC heap before
{Heap before GC invocations=65 (full 5):
 PSYoungGen      total 455680K, used 392634K [0x00000000d5580000, 0x00000000f8300000, 0x0000000100000000)
  eden space 361984K, 100% used [0x00000000d5580000,0x00000000eb700000,0x00000000eb700000)
  from space 93696K, 32% used [0x00000000eb700000,0x00000000ed4eeb00,0x00000000f1280000)
  to   space 88576K, 0% used [0x00000000f2c80000,0x00000000f2c80000,0x00000000f8300000)
 ParOldGen       total 244224K, used 194117K [0x0000000080000000, 0x000000008ee80000, 0x00000000d5580000)
  object space 244224K, 79% used [0x0000000080000000,0x000000008bd91658,0x000000008ee80000)
 Metaspace       used 113434K, capacity 122027K, committed 122536K, reserved 1155072K
  class space    used 14351K, capacity 15861K, committed 16048K, reserved 1048576K
Event: 5793.235 GC heap after
Heap after GC invocations=65 (full 5):
 PSYoungGen      total 467968K, used 21100K [0x00000000d5580000, 0x00000000f7980000, 0x0000000100000000)
  eden space 389120K, 0% used [0x00000000d5580000,0x00000000d5580000,0x00000000ed180000)
  from space 78848K, 26% used [0x00000000f2c80000,0x00000000f411b370,0x00000000f7980000)
  to   space 86016K, 0% used [0x00000000ed180000,0x00000000ed180000,0x00000000f2580000)
 ParOldGen       total 244224K, used 194125K [0x0000000080000000, 0x000000008ee80000, 0x00000000d5580000)
  object space 244224K, 79% used [0x0000000080000000,0x000000008bd93658,0x000000008ee80000)
 Metaspace       used 113434K, capacity 122027K, committed 122536K, reserved 1155072K
  class space    used 14351K, capacity 15861K, committed 16048K, reserved 1048576K
}
Event: 5897.630 GC heap before
{Heap before GC invocations=66 (full 5):
 PSYoungGen      total 467968K, used 410220K [0x00000000d5580000, 0x00000000f7980000, 0x0000000100000000)
  eden space 389120K, 100% used [0x00000000d5580000,0x00000000ed180000,0x00000000ed180000)
  from space 78848K, 26% used [0x00000000f2c80000,0x00000000f411b370,0x00000000f7980000)
  to   space 86016K, 0% used [0x00000000ed180000,0x00000000ed180000,0x00000000f2580000)
 ParOldGen       total 244224K, used 194125K [0x0000000080000000, 0x000000008ee80000, 0x00000000d5580000)
  object space 244224K, 79% used [0x0000000080000000,0x000000008bd93658,0x000000008ee80000)
 Metaspace       used 113511K, capacity 122091K, committed 122536K, reserved 1155072K
  class space    used 14351K, capacity 15861K, committed 16048K, reserved 1048576K
Event: 5897.642 GC heap after
Heap after GC invocations=66 (full 5):
 PSYoungGen      total 475136K, used 17518K [0x00000000d5580000, 0x00000000f7980000, 0x0000000100000000)
  eden space 389120K, 0% used [0x00000000d5580000,0x00000000d5580000,0x00000000ed180000)
  from space 86016K, 20% used [0x00000000ed180000,0x00000000ee29b8b0,0x00000000f2580000)
  to   space 78848K, 0% used [0x00000000f2c80000,0x00000000f2c80000,0x00000000f7980000)
 ParOldGen       total 244224K, used 194133K [0x0000000080000000, 0x000000008ee80000, 0x00000000d5580000)
  object space 244224K, 79% used [0x0000000080000000,0x000000008bd95658,0x000000008ee80000)
 Metaspace       used 113511K, capacity 122091K, committed 122536K, reserved 1155072K
  class space    used 14351K, capacity 15861K, committed 16048K, reserved 1048576K
}

