# JRE version: OpenJDK Runtime Environment (8.0_242-b01) (build 1.8.0_242-release-1644-b01)
# Java VM: OpenJDK 64-Bit Server VM (25.242-b01 mixed mode windows-amd64 compressed oops)
Heap:
 PSYoungGen      total 488960K, used 72360K [0x00000000d5580000, 0x00000000fbe00000, 0x0000000100000000)
  eden space 453120K, 8% used [0x00000000d5580000,0x00000000d7931728,0x00000000f1000000)
  from space 35840K, 99% used [0x00000000f1000000,0x00000000f32f89e8,0x00000000f3300000)
  to   space 46080K, 0% used [0x00000000f9100000,0x00000000f9100000,0x00000000fbe00000)
 ParOldGen       total 130560K, used 61117K [0x0000000080000000, 0x0000000087f80000, 0x00000000d5580000)
  object space 130560K, 46% used [0x0000000080000000,0x0000000083baf410,0x0000000087f80000)
 Metaspace       used 77538K, capacity 81594K, committed 81832K, reserved 1120256K
  class space    used 10405K, capacity 11172K, committed 11184K, reserved 1048576K
GC Heap History (10 events):
Event: 5.565 GC heap before
{Heap before GC invocations=10 (full 2):
 PSYoungGen      total 272896K, used 257024K [0x00000000d5580000, 0x00000000edd80000, 0x0000000100000000)
  eden space 257024K, 100% used [0x00000000d5580000,0x00000000e5080000,0x00000000e5080000)
  from space 15872K, 0% used [0x00000000e5080000,0x00000000e5080000,0x00000000e6000000)
  to   space 15360K, 0% used [0x00000000ece80000,0x00000000ece80000,0x00000000edd80000)
 ParOldGen       total 88064K, used 15656K [0x0000000080000000, 0x0000000085600000, 0x00000000d5580000)
  object space 88064K, 17% used [0x0000000080000000,0x0000000080f4a380,0x0000000085600000)
 Metaspace       used 54987K, capacity 56926K, committed 57128K, reserved 1097728K
  class space    used 7504K, capacity 7982K, committed 7984K, reserved 1048576K
Event: 5.581 GC heap after
Heap after GC invocations=10 (full 2):
 PSYoungGen      total 377344K, used 15356K [0x00000000d5580000, 0x00000000ee700000, 0x0000000100000000)
  eden space 361984K, 0% used [0x00000000d5580000,0x00000000d5580000,0x00000000eb700000)
  from space 15360K, 99% used [0x00000000ece80000,0x00000000edd7f320,0x00000000edd80000)
  to   space 24064K, 0% used [0x00000000eb700000,0x00000000eb700000,0x00000000ece80000)
 ParOldGen       total 88064K, used 30506K [0x0000000080000000, 0x0000000085600000, 0x00000000d5580000)
  object space 88064K, 34% used [0x0000000080000000,0x0000000081dca820,0x0000000085600000)
 Metaspace       used 54987K, capacity 56926K, committed 57128K, reserved 1097728K
  class space    used 7504K, capacity 7982K, committed 7984K, reserved 1048576K
}
Event: 5.778 GC heap before
{Heap before GC invocations=11 (full 2):
 PSYoungGen      total 377344K, used 46657K [0x00000000d5580000, 0x00000000ee700000, 0x0000000100000000)
  eden space 361984K, 8% used [0x00000000d5580000,0x00000000d74113f8,0x00000000eb700000)
  from space 15360K, 99% used [0x00000000ece80000,0x00000000edd7f320,0x00000000edd80000)
  to   space 24064K, 0% used [0x00000000eb700000,0x00000000eb700000,0x00000000ece80000)
 ParOldGen       total 88064K, used 30506K [0x0000000080000000, 0x0000000085600000, 0x00000000d5580000)
  object space 88064K, 34% used [0x0000000080000000,0x0000000081dca820,0x0000000085600000)
 Metaspace       used 57039K, capacity 59046K, committed 59160K, reserved 1099776K
  class space    used 7823K, capacity 8288K, committed 8368K, reserved 1048576K
Event: 5.791 GC heap after
Heap after GC invocations=11 (full 2):
 PSYoungGen      total 386048K, used 17655K [0x00000000d5580000, 0x00000000f5600000, 0x0000000100000000)
  eden space 361984K, 0% used [0x00000000d5580000,0x00000000d5580000,0x00000000eb700000)
  from space 24064K, 73% used [0x00000000eb700000,0x00000000ec83dfd0,0x00000000ece80000)
  to   space 25600K, 0% used [0x00000000f3d00000,0x00000000f3d00000,0x00000000f5600000)
 ParOldGen       total 88064K, used 30514K [0x0000000080000000, 0x0000000085600000, 0x00000000d5580000)
  object space 88064K, 34% used [0x0000000080000000,0x0000000081dcc820,0x0000000085600000)
 Metaspace       used 57039K, capacity 59046K, committed 59160K, reserved 1099776K
  class space    used 7823K, capacity 8288K, committed 8368K, reserved 1048576K
}
Event: 5.791 GC heap before
{Heap before GC invocations=12 (full 3):
 PSYoungGen      total 386048K, used 17655K [0x00000000d5580000, 0x00000000f5600000, 0x0000000100000000)
  eden space 361984K, 0% used [0x00000000d5580000,0x00000000d5580000,0x00000000eb700000)
  from space 24064K, 73% used [0x00000000eb700000,0x00000000ec83dfd0,0x00000000ece80000)
  to   space 25600K, 0% used [0x00000000f3d00000,0x00000000f3d00000,0x00000000f5600000)
 ParOldGen       total 88064K, used 30514K [0x0000000080000000, 0x0000000085600000, 0x00000000d5580000)
  object space 88064K, 34% used [0x0000000080000000,0x0000000081dcc820,0x0000000085600000)
 Metaspace       used 57039K, capacity 59046K, committed 59160K, reserved 1099776K
  class space    used 7823K, capacity 8288K, committed 8368K, reserved 1048576K
Event: 5.963 GC heap after
Heap after GC invocations=12 (full 3):
 PSYoungGen      total 386048K, used 0K [0x00000000d5580000, 0x00000000f5600000, 0x0000000100000000)
  eden space 361984K, 0% used [0x00000000d5580000,0x00000000d5580000,0x00000000eb700000)
  from space 24064K, 0% used [0x00000000eb700000,0x00000000eb700000,0x00000000ece80000)
  to   space 25600K, 0% used [0x00000000f3d00000,0x00000000f3d00000,0x00000000f5600000)
 ParOldGen       total 130560K, used 31028K [0x0000000080000000, 0x0000000087f80000, 0x00000000d5580000)
  object space 130560K, 23% used [0x0000000080000000,0x0000000081e4d398,0x0000000087f80000)
 Metaspace       used 57011K, capacity 58950K, committed 59160K, reserved 1099776K
  class space    used 7815K, capacity 8272K, committed 8368K, reserved 1048576K
}
Event: 8.574 GC heap before
{Heap before GC invocations=13 (full 3):
 PSYoungGen      total 386048K, used 361959K [0x00000000d5580000, 0x00000000f5600000, 0x0000000100000000)
  eden space 361984K, 99% used [0x00000000d5580000,0x00000000eb6f9e20,0x00000000eb700000)
  from space 24064K, 0% used [0x00000000eb700000,0x00000000eb700000,0x00000000ece80000)
  to   space 25600K, 0% used [0x00000000f3d00000,0x00000000f3d00000,0x00000000f5600000)
 ParOldGen       total 130560K, used 31028K [0x0000000080000000, 0x0000000087f80000, 0x00000000d5580000)
  object space 130560K, 23% used [0x0000000080000000,0x0000000081e4d398,0x0000000087f80000)
 Metaspace       used 63338K, capacity 66630K, committed 66728K, reserved 1105920K
  class space    used 8704K, capacity 9328K, committed 9392K, reserved 1048576K
Event: 8.600 GC heap after
Heap after GC invocations=13 (full 3):
 PSYoungGen      total 472576K, used 25593K [0x00000000d5580000, 0x00000000f5600000, 0x0000000100000000)
  eden space 446976K, 0% used [0x00000000d5580000,0x00000000d5580000,0x00000000f0a00000)
  from space 25600K, 99% used [0x00000000f3d00000,0x00000000f55fe468,0x00000000f5600000)
  to   space 35840K, 0% used [0x00000000f1000000,0x00000000f1000000,0x00000000f3300000)
 ParOldGen       total 130560K, used 47777K [0x0000000080000000, 0x0000000087f80000, 0x00000000d5580000)
  object space 130560K, 36% used [0x0000000080000000,0x0000000082ea8770,0x0000000087f80000)
 Metaspace       used 63338K, capacity 66630K, committed 66728K, reserved 1105920K
  class space    used 8704K, capacity 9328K, committed 9392K, reserved 1048576K
}
Event: 12.609 GC heap before
{Heap before GC invocations=14 (full 3):
 PSYoungGen      total 472576K, used 472569K [0x00000000d5580000, 0x00000000f5600000, 0x0000000100000000)
  eden space 446976K, 100% used [0x00000000d5580000,0x00000000f0a00000,0x00000000f0a00000)
  from space 25600K, 99% used [0x00000000f3d00000,0x00000000f55fe468,0x00000000f5600000)
  to   space 35840K, 0% used [0x00000000f1000000,0x00000000f1000000,0x00000000f3300000)
 ParOldGen       total 130560K, used 47777K [0x0000000080000000, 0x0000000087f80000, 0x00000000d5580000)
  object space 130560K, 36% used [0x0000000080000000,0x0000000082ea8770,0x0000000087f80000)
 Metaspace       used 76401K, capacity 80298K, committed 80424K, reserved 1118208K
  class space    used 10236K, capacity 10998K, committed 11056K, reserved 1048576K
Event: 12.638 GC heap after
Heap after GC invocations=14 (full 3):
 PSYoungGen      total 488960K, used 35810K [0x00000000d5580000, 0x00000000fbe00000, 0x0000000100000000)
  eden space 453120K, 0% used [0x00000000d5580000,0x00000000d5580000,0x00000000f1000000)
  from space 35840K, 99% used [0x00000000f1000000,0x00000000f32f89e8,0x00000000f3300000)
  to   space 46080K, 0% used [0x00000000f9100000,0x00000000f9100000,0x00000000fbe00000)
 ParOldGen       total 130560K, used 61117K [0x0000000080000000, 0x0000000087f80000, 0x00000000d5580000)
  object space 130560K, 46% used [0x0000000080000000,0x0000000083baf410,0x0000000087f80000)
 Metaspace       used 76401K, capacity 80298K, committed 80424K, reserved 1118208K
  class space    used 10236K, capacity 10998K, committed 11056K, reserved 1048576K
}

