# JRE version: OpenJDK Runtime Environment (8.0_242-b01) (build 1.8.0_242-release-1644-b01)
# Java VM: OpenJDK 64-Bit Server VM (25.242-b01 mixed mode windows-amd64 compressed oops)
Heap:
 PSYoungGen      total 377856K, used 128762K [0x00000000d5580000, 0x00000000ef380000, 0x0000000100000000)
  eden space 331776K, 30% used [0x00000000d5580000,0x00000000db8bce30,0x00000000e9980000)
  from space 46080K, 58% used [0x00000000e9980000,0x00000000eb401b60,0x00000000ec680000)
  to   space 36864K, 0% used [0x00000000ecf80000,0x00000000ecf80000,0x00000000ef380000)
 ParOldGen       total 108032K, used 87934K [0x0000000080000000, 0x0000000086980000, 0x00000000d5580000)
  object space 108032K, 81% used [0x0000000080000000,0x00000000855df800,0x0000000086980000)
 Metaspace       used 89473K, capacity 94886K, committed 95016K, reserved 1130496K
  class space    used 11996K, capacity 13036K, committed 13104K, reserved 1048576K
GC Heap History (10 events):
Event: 12.097 GC heap before
{Heap before GC invocations=16 (full 3):
 PSYoungGen      total 250368K, used 247416K [0x00000000d5580000, 0x00000000e6380000, 0x0000000100000000)
  eden space 228352K, 100% used [0x00000000d5580000,0x00000000e3480000,0x00000000e3480000)
  from space 22016K, 86% used [0x00000000e4c00000,0x00000000e5e9e320,0x00000000e6180000)
  to   space 24064K, 0% used [0x00000000e3480000,0x00000000e3480000,0x00000000e4c00000)
 ParOldGen       total 108032K, used 37505K [0x0000000080000000, 0x0000000086980000, 0x00000000d5580000)
  object space 108032K, 34% used [0x0000000080000000,0x00000000824a0718,0x0000000086980000)
 Metaspace       used 67597K, capacity 71092K, committed 71208K, reserved 1110016K
  class space    used 9338K, capacity 10023K, committed 10032K, reserved 1048576K
Event: 12.120 GC heap after
Heap after GC invocations=16 (full 3):
 PSYoungGen      total 252416K, used 24044K [0x00000000d5580000, 0x00000000ea600000, 0x0000000100000000)
  eden space 228352K, 0% used [0x00000000d5580000,0x00000000d5580000,0x00000000e3480000)
  from space 24064K, 99% used [0x00000000e3480000,0x00000000e4bfb080,0x00000000e4c00000)
  to   space 30208K, 0% used [0x00000000e8880000,0x00000000e8880000,0x00000000ea600000)
 ParOldGen       total 108032K, used 44304K [0x0000000080000000, 0x0000000086980000, 0x00000000d5580000)
  object space 108032K, 41% used [0x0000000080000000,0x0000000082b44098,0x0000000086980000)
 Metaspace       used 67597K, capacity 71092K, committed 71208K, reserved 1110016K
  class space    used 9338K, capacity 10023K, committed 10032K, reserved 1048576K
}
Event: 45.995 GC heap before
{Heap before GC invocations=17 (full 3):
 PSYoungGen      total 252416K, used 252396K [0x00000000d5580000, 0x00000000ea600000, 0x0000000100000000)
  eden space 228352K, 100% used [0x00000000d5580000,0x00000000e3480000,0x00000000e3480000)
  from space 24064K, 99% used [0x00000000e3480000,0x00000000e4bfb080,0x00000000e4c00000)
  to   space 30208K, 0% used [0x00000000e8880000,0x00000000e8880000,0x00000000ea600000)
 ParOldGen       total 108032K, used 44304K [0x0000000080000000, 0x0000000086980000, 0x00000000d5580000)
  object space 108032K, 41% used [0x0000000080000000,0x0000000082b44098,0x0000000086980000)
 Metaspace       used 76948K, capacity 80714K, committed 80936K, reserved 1120256K
  class space    used 10291K, capacity 11022K, committed 11056K, reserved 1048576K
Event: 46.024 GC heap after
Heap after GC invocations=17 (full 3):
 PSYoungGen      total 303104K, used 27238K [0x00000000d5580000, 0x00000000ea400000, 0x0000000100000000)
  eden space 274944K, 0% used [0x00000000d5580000,0x00000000d5580000,0x00000000e6200000)
  from space 28160K, 96% used [0x00000000e8880000,0x00000000ea319bd8,0x00000000ea400000)
  to   space 33792K, 0% used [0x00000000e6200000,0x00000000e6200000,0x00000000e8300000)
 ParOldGen       total 108032K, used 67675K [0x0000000080000000, 0x0000000086980000, 0x00000000d5580000)
  object space 108032K, 62% used [0x0000000080000000,0x0000000084216fe0,0x0000000086980000)
 Metaspace       used 76948K, capacity 80714K, committed 80936K, reserved 1120256K
  class space    used 10291K, capacity 11022K, committed 11056K, reserved 1048576K
}
Event: 46.821 GC heap before
{Heap before GC invocations=18 (full 3):
 PSYoungGen      total 303104K, used 302182K [0x00000000d5580000, 0x00000000ea400000, 0x0000000100000000)
  eden space 274944K, 100% used [0x00000000d5580000,0x00000000e6200000,0x00000000e6200000)
  from space 28160K, 96% used [0x00000000e8880000,0x00000000ea319bd8,0x00000000ea400000)
  to   space 33792K, 0% used [0x00000000e6200000,0x00000000e6200000,0x00000000e8300000)
 ParOldGen       total 108032K, used 67675K [0x0000000080000000, 0x0000000086980000, 0x00000000d5580000)
  object space 108032K, 62% used [0x0000000080000000,0x0000000084216fe0,0x0000000086980000)
 Metaspace       used 77720K, capacity 81556K, committed 81832K, reserved 1120256K
  class space    used 10373K, capacity 11117K, committed 11184K, reserved 1048576K
Event: 46.859 GC heap after
Heap after GC invocations=18 (full 3):
 PSYoungGen      total 308736K, used 33776K [0x00000000d5580000, 0x00000000efa80000, 0x0000000100000000)
  eden space 274944K, 0% used [0x00000000d5580000,0x00000000d5580000,0x00000000e6200000)
  from space 33792K, 99% used [0x00000000e6200000,0x00000000e82fc030,0x00000000e8300000)
  to   space 44032K, 0% used [0x00000000ecf80000,0x00000000ecf80000,0x00000000efa80000)
 ParOldGen       total 108032K, used 79939K [0x0000000080000000, 0x0000000086980000, 0x00000000d5580000)
  object space 108032K, 73% used [0x0000000080000000,0x0000000084e10c28,0x0000000086980000)
 Metaspace       used 77720K, capacity 81556K, committed 81832K, reserved 1120256K
  class space    used 10373K, capacity 11117K, committed 11184K, reserved 1048576K
}
Event: 232.548 GC heap before
{Heap before GC invocations=19 (full 3):
 PSYoungGen      total 308736K, used 308720K [0x00000000d5580000, 0x00000000efa80000, 0x0000000100000000)
  eden space 274944K, 100% used [0x00000000d5580000,0x00000000e6200000,0x00000000e6200000)
  from space 33792K, 99% used [0x00000000e6200000,0x00000000e82fc030,0x00000000e8300000)
  to   space 44032K, 0% used [0x00000000ecf80000,0x00000000ecf80000,0x00000000efa80000)
 ParOldGen       total 108032K, used 79939K [0x0000000080000000, 0x0000000086980000, 0x00000000d5580000)
  object space 108032K, 73% used [0x0000000080000000,0x0000000084e10c28,0x0000000086980000)
 Metaspace       used 88198K, capacity 93306K, committed 93352K, reserved 1130496K
  class space    used 11944K, capacity 12942K, committed 12976K, reserved 1048576K
Event: 232.581 GC heap after
Heap after GC invocations=19 (full 3):
 PSYoungGen      total 368640K, used 30727K [0x00000000d5580000, 0x00000000ef380000, 0x0000000100000000)
  eden space 331776K, 0% used [0x00000000d5580000,0x00000000d5580000,0x00000000e9980000)
  from space 36864K, 83% used [0x00000000ecf80000,0x00000000eed81df0,0x00000000ef380000)
  to   space 46080K, 0% used [0x00000000e9980000,0x00000000e9980000,0x00000000ec680000)
 ParOldGen       total 108032K, used 87926K [0x0000000080000000, 0x0000000086980000, 0x00000000d5580000)
  object space 108032K, 81% used [0x0000000080000000,0x00000000855dd800,0x0000000086980000)
 Metaspace       used 88198K, capacity 93306K, committed 93352K, reserved 1130496K
  class space    used 11944K, capacity 12942K, committed 12976K, reserved 1048576K
}
Event: 238.289 GC heap before
{Heap before GC invocations=20 (full 3):
 PSYoungGen      total 368640K, used 362503K [0x00000000d5580000, 0x00000000ef380000, 0x0000000100000000)
  eden space 331776K, 100% used [0x00000000d5580000,0x00000000e9980000,0x00000000e9980000)
  from space 36864K, 83% used [0x00000000ecf80000,0x00000000eed81df0,0x00000000ef380000)
  to   space 46080K, 0% used [0x00000000e9980000,0x00000000e9980000,0x00000000ec680000)
 ParOldGen       total 108032K, used 87926K [0x0000000080000000, 0x0000000086980000, 0x00000000d5580000)
  object space 108032K, 81% used [0x0000000080000000,0x00000000855dd800,0x0000000086980000)
 Metaspace       used 89298K, capacity 94694K, committed 95016K, reserved 1130496K
  class space    used 11992K, capacity 13028K, committed 13104K, reserved 1048576K
Event: 238.327 GC heap after
Heap after GC invocations=20 (full 3):
 PSYoungGen      total 377856K, used 27142K [0x00000000d5580000, 0x00000000ef380000, 0x0000000100000000)
  eden space 331776K, 0% used [0x00000000d5580000,0x00000000d5580000,0x00000000e9980000)
  from space 46080K, 58% used [0x00000000e9980000,0x00000000eb401b60,0x00000000ec680000)
  to   space 36864K, 0% used [0x00000000ecf80000,0x00000000ecf80000,0x00000000ef380000)
 ParOldGen       total 108032K, used 87934K [0x0000000080000000, 0x0000000086980000, 0x00000000d5580000)
  object space 108032K, 81% used [0x0000000080000000,0x00000000855df800,0x0000000086980000)
 Metaspace       used 89298K, capacity 94694K, committed 95016K, reserved 1130496K
  class space    used 11992K, capacity 13028K, committed 13104K, reserved 1048576K
}

