# JRE version: OpenJDK Runtime Environment (8.0_242-b01) (build 1.8.0_242-release-1644-b01)
# Java VM: OpenJDK 64-Bit Server VM (25.242-b01 mixed mode windows-amd64 compressed oops)
Heap:
 PSYoungGen      total 440320K, used 176424K [0x00000000d5580000, 0x00000000f3980000, 0x0000000100000000)
  eden space 410112K, 35% used [0x00000000d5580000,0x00000000de451648,0x00000000ee600000)
  from space 30208K, 99% used [0x00000000ee600000,0x00000000f0378bf0,0x00000000f0380000)
  to   space 41984K, 0% used [0x00000000f1080000,0x00000000f1080000,0x00000000f3980000)
 ParOldGen       total 147968K, used 87147K [0x0000000080000000, 0x0000000089080000, 0x00000000d5580000)
  object space 147968K, 58% used [0x0000000080000000,0x000000008551ae68,0x0000000089080000)
 Metaspace       used 113638K, capacity 122210K, committed 122280K, reserved 1155072K
  class space    used 14196K, capacity 15730K, committed 15792K, reserved 1048576K
GC Heap History (10 events):
Event: 14414.146 GC heap before
{Heap before GC invocations=61 (full 4):
 PSYoungGen      total 434688K, used 432078K [0x00000000d5580000, 0x00000000f2000000, 0x0000000100000000)
  eden space 408064K, 100% used [0x00000000d5580000,0x00000000ee400000,0x00000000ee400000)
  from space 26624K, 90% used [0x00000000eff80000,0x00000000f16f39b8,0x00000000f1980000)
  to   space 28160K, 0% used [0x00000000ee400000,0x00000000ee400000,0x00000000eff80000)
 ParOldGen       total 147968K, used 62703K [0x0000000080000000, 0x0000000089080000, 0x00000000d5580000)
  object space 147968K, 42% used [0x0000000080000000,0x0000000083d3bc88,0x0000000089080000)
 Metaspace       used 100335K, capacity 107834K, committed 108072K, reserved 1142784K
  class space    used 12598K, capacity 13856K, committed 13872K, reserved 1048576K
Event: 14414.168 GC heap after
Heap after GC invocations=61 (full 4):
 PSYoungGen      total 436224K, used 20811K [0x00000000d5580000, 0x00000000f1f00000, 0x0000000100000000)
  eden space 408064K, 0% used [0x00000000d5580000,0x00000000d5580000,0x00000000ee400000)
  from space 28160K, 73% used [0x00000000ee400000,0x00000000ef852f38,0x00000000eff80000)
  to   space 28672K, 0% used [0x00000000f0300000,0x00000000f0300000,0x00000000f1f00000)
 ParOldGen       total 147968K, used 62767K [0x0000000080000000, 0x0000000089080000, 0x00000000d5580000)
  object space 147968K, 42% used [0x0000000080000000,0x0000000083d4bc88,0x0000000089080000)
 Metaspace       used 100335K, capacity 107834K, committed 108072K, reserved 1142784K
  class space    used 12598K, capacity 13856K, committed 13872K, reserved 1048576K
}
Event: 14534.465 GC heap before
{Heap before GC invocations=62 (full 4):
 PSYoungGen      total 436224K, used 428875K [0x00000000d5580000, 0x00000000f1f00000, 0x0000000100000000)
  eden space 408064K, 100% used [0x00000000d5580000,0x00000000ee400000,0x00000000ee400000)
  from space 28160K, 73% used [0x00000000ee400000,0x00000000ef852f38,0x00000000eff80000)
  to   space 28672K, 0% used [0x00000000f0300000,0x00000000f0300000,0x00000000f1f00000)
 ParOldGen       total 147968K, used 62767K [0x0000000080000000, 0x0000000089080000, 0x00000000d5580000)
  object space 147968K, 42% used [0x0000000080000000,0x0000000083d4bc88,0x0000000089080000)
 Metaspace       used 100524K, capacity 107910K, committed 108072K, reserved 1142784K
  class space    used 12598K, capacity 13856K, committed 13872K, reserved 1048576K
Event: 14534.479 GC heap after
Heap after GC invocations=62 (full 4):
 PSYoungGen      total 437760K, used 14252K [0x00000000d5580000, 0x00000000f1d80000, 0x0000000100000000)
  eden space 410624K, 0% used [0x00000000d5580000,0x00000000d5580000,0x00000000ee680000)
  from space 27136K, 52% used [0x00000000f0300000,0x00000000f10eb200,0x00000000f1d80000)
  to   space 28160K, 0% used [0x00000000ee680000,0x00000000ee680000,0x00000000f0200000)
 ParOldGen       total 147968K, used 62831K [0x0000000080000000, 0x0000000089080000, 0x00000000d5580000)
  object space 147968K, 42% used [0x0000000080000000,0x0000000083d5bc88,0x0000000089080000)
 Metaspace       used 100524K, capacity 107910K, committed 108072K, reserved 1142784K
  class space    used 12598K, capacity 13856K, committed 13872K, reserved 1048576K
}
Event: 14617.984 GC heap before
{Heap before GC invocations=63 (full 4):
 PSYoungGen      total 437760K, used 424876K [0x00000000d5580000, 0x00000000f1d80000, 0x0000000100000000)
  eden space 410624K, 100% used [0x00000000d5580000,0x00000000ee680000,0x00000000ee680000)
  from space 27136K, 52% used [0x00000000f0300000,0x00000000f10eb200,0x00000000f1d80000)
  to   space 28160K, 0% used [0x00000000ee680000,0x00000000ee680000,0x00000000f0200000)
 ParOldGen       total 147968K, used 62831K [0x0000000080000000, 0x0000000089080000, 0x00000000d5580000)
  object space 147968K, 42% used [0x0000000080000000,0x0000000083d5bc88,0x0000000089080000)
 Metaspace       used 101151K, capacity 108892K, committed 109096K, reserved 1144832K
  class space    used 12705K, capacity 14011K, committed 14128K, reserved 1048576K
Event: 14618.000 GC heap after
Heap after GC invocations=63 (full 4):
 PSYoungGen      total 438784K, used 15100K [0x00000000d5580000, 0x00000000f1e80000, 0x0000000100000000)
  eden space 410624K, 0% used [0x00000000d5580000,0x00000000d5580000,0x00000000ee680000)
  from space 28160K, 53% used [0x00000000ee680000,0x00000000ef53f188,0x00000000f0200000)
  to   space 27648K, 0% used [0x00000000f0380000,0x00000000f0380000,0x00000000f1e80000)
 ParOldGen       total 147968K, used 62863K [0x0000000080000000, 0x0000000089080000, 0x00000000d5580000)
  object space 147968K, 42% used [0x0000000080000000,0x0000000083d63c88,0x0000000089080000)
 Metaspace       used 101151K, capacity 108892K, committed 109096K, reserved 1144832K
  class space    used 12705K, capacity 14011K, committed 14128K, reserved 1048576K
}
Event: 14726.390 GC heap before
{Heap before GC invocations=64 (full 4):
 PSYoungGen      total 438784K, used 425724K [0x00000000d5580000, 0x00000000f1e80000, 0x0000000100000000)
  eden space 410624K, 100% used [0x00000000d5580000,0x00000000ee680000,0x00000000ee680000)
  from space 28160K, 53% used [0x00000000ee680000,0x00000000ef53f188,0x00000000f0200000)
  to   space 27648K, 0% used [0x00000000f0380000,0x00000000f0380000,0x00000000f1e80000)
 ParOldGen       total 147968K, used 62863K [0x0000000080000000, 0x0000000089080000, 0x00000000d5580000)
  object space 147968K, 42% used [0x0000000080000000,0x0000000083d63c88,0x0000000089080000)
 Metaspace       used 112573K, capacity 121104K, committed 121384K, reserved 1155072K
  class space    used 14111K, capacity 15636K, committed 15664K, reserved 1048576K
Event: 14726.408 GC heap after
Heap after GC invocations=64 (full 4):
 PSYoungGen      total 437760K, used 26720K [0x00000000d5580000, 0x00000000f2300000, 0x0000000100000000)
  eden space 410112K, 0% used [0x00000000d5580000,0x00000000d5580000,0x00000000ee600000)
  from space 27648K, 96% used [0x00000000f0380000,0x00000000f1d98268,0x00000000f1e80000)
  to   space 30208K, 0% used [0x00000000ee600000,0x00000000ee600000,0x00000000f0380000)
 ParOldGen       total 147968K, used 62951K [0x0000000080000000, 0x0000000089080000, 0x00000000d5580000)
  object space 147968K, 42% used [0x0000000080000000,0x0000000083d79c88,0x0000000089080000)
 Metaspace       used 112573K, capacity 121104K, committed 121384K, reserved 1155072K
  class space    used 14111K, capacity 15636K, committed 15664K, reserved 1048576K
}
Event: 15112.214 GC heap before
{Heap before GC invocations=65 (full 4):
 PSYoungGen      total 437760K, used 436832K [0x00000000d5580000, 0x00000000f2300000, 0x0000000100000000)
  eden space 410112K, 100% used [0x00000000d5580000,0x00000000ee600000,0x00000000ee600000)
  from space 27648K, 96% used [0x00000000f0380000,0x00000000f1d98268,0x00000000f1e80000)
  to   space 30208K, 0% used [0x00000000ee600000,0x00000000ee600000,0x00000000f0380000)
 ParOldGen       total 147968K, used 62951K [0x0000000080000000, 0x0000000089080000, 0x00000000d5580000)
  object space 147968K, 42% used [0x0000000080000000,0x0000000083d79c88,0x0000000089080000)
 Metaspace       used 113128K, capacity 121632K, committed 121896K, reserved 1155072K
  class space    used 14136K, capacity 15653K, committed 15664K, reserved 1048576K
Event: 15112.242 GC heap after
Heap after GC invocations=65 (full 4):
 PSYoungGen      total 440320K, used 30178K [0x00000000d5580000, 0x00000000f3980000, 0x0000000100000000)
  eden space 410112K, 0% used [0x00000000d5580000,0x00000000d5580000,0x00000000ee600000)
  from space 30208K, 99% used [0x00000000ee600000,0x00000000f0378bf0,0x00000000f0380000)
  to   space 41984K, 0% used [0x00000000f1080000,0x00000000f1080000,0x00000000f3980000)
 ParOldGen       total 147968K, used 87147K [0x0000000080000000, 0x0000000089080000, 0x00000000d5580000)
  object space 147968K, 58% used [0x0000000080000000,0x000000008551ae68,0x0000000089080000)
 Metaspace       used 113128K, capacity 121632K, committed 121896K, reserved 1155072K
  class space    used 14136K, capacity 15653K, committed 15664K, reserved 1048576K
}

